<?xml version="1.0" encoding="UTF-8"?>
<testsuite xmlns:xsi="http://www.w3.org/2001/XMLSchema-instance" xsi:noNamespaceSchemaLocation="https://maven.apache.org/surefire/maven-surefire-plugin/xsd/surefire-test-report-3.0.xsd" version="3.0" name="tek.capstone.framework.runner.TestRunner" time="81.096" tests="18" errors="0" skipped="0" failures="0">
  <properties>
    <property name="sun.desktop" value="windows"/>
    <property name="awt.toolkit" value="sun.awt.windows.WToolkit"/>
    <property name="java.specification.version" value="11"/>
    <property name="sun.cpu.isalist" value="amd64"/>
    <property name="sun.jnu.encoding" value="Cp1252"/>
    <property name="java.class.path" value="C:\Users\macla\eclipse-workspace\tek-capstone-transformers\target\test-classes;C:\Users\macla\eclipse-workspace\tek-capstone-transformers\target\classes;C:\Users\macla\.m2\repository\io\cucumber\cucumber-java\7.8.0\cucumber-java-7.8.0.jar;C:\Users\macla\.m2\repository\io\cucumber\cucumber-core\7.8.0\cucumber-core-7.8.0.jar;C:\Users\macla\.m2\repository\io\cucumber\cucumber-gherkin\7.8.0\cucumber-gherkin-7.8.0.jar;C:\Users\macla\.m2\repository\io\cucumber\cucumber-gherkin-messages\7.8.0\cucumber-gherkin-messages-7.8.0.jar;C:\Users\macla\.m2\repository\io\cucumber\gherkin\24.0.0\gherkin-24.0.0.jar;C:\Users\macla\.m2\repository\io\cucumber\messages\19.1.2\messages-19.1.2.jar;C:\Users\macla\.m2\repository\io\cucumber\tag-expressions\4.1.0\tag-expressions-4.1.0.jar;C:\Users\macla\.m2\repository\io\cucumber\cucumber-expressions\16.0.0\cucumber-expressions-16.0.0.jar;C:\Users\macla\.m2\repository\io\cucumber\datatable\7.8.0\datatable-7.8.0.jar;C:\Users\macla\.m2\repository\io\cucumber\cucumber-plugin\7.8.0\cucumber-plugin-7.8.0.jar;C:\Users\macla\.m2\repository\io\cucumber\docstring\7.8.0\docstring-7.8.0.jar;C:\Users\macla\.m2\repository\io\cucumber\html-formatter\20.1.0\html-formatter-20.1.0.jar;C:\Users\macla\.m2\repository\io\cucumber\ci-environment\9.1.0\ci-environment-9.1.0.jar;C:\Users\macla\.m2\repository\org\apiguardian\apiguardian-api\1.1.2\apiguardian-api-1.1.2.jar;C:\Users\macla\.m2\repository\io\cucumber\cucumber-junit\7.8.0\cucumber-junit-7.8.0.jar;C:\Users\macla\.m2\repository\junit\junit\4.13.2\junit-4.13.2.jar;C:\Users\macla\.m2\repository\org\hamcrest\hamcrest-core\1.3\hamcrest-core-1.3.jar;C:\Users\macla\.m2\repository\org\seleniumhq\selenium\selenium-java\4.4.0\selenium-java-4.4.0.jar;C:\Users\macla\.m2\repository\org\seleniumhq\selenium\selenium-api\4.4.0\selenium-api-4.4.0.jar;C:\Users\macla\.m2\repository\org\seleniumhq\selenium\selenium-chrome-driver\4.4.0\selenium-chrome-driver-4.4.0.jar;C:\Users\macla\.m2\repository\com\google\auto\service\auto-service-annotations\1.0.1\auto-service-annotations-1.0.1.jar;C:\Users\macla\.m2\repository\com\google\auto\service\auto-service\1.0.1\auto-service-1.0.1.jar;C:\Users\macla\.m2\repository\com\google\auto\auto-common\1.2\auto-common-1.2.jar;C:\Users\macla\.m2\repository\com\google\guava\guava\31.1-jre\guava-31.1-jre.jar;C:\Users\macla\.m2\repository\com\google\guava\failureaccess\1.0.1\failureaccess-1.0.1.jar;C:\Users\macla\.m2\repository\com\google\guava\listenablefuture\9999.0-empty-to-avoid-conflict-with-guava\listenablefuture-9999.0-empty-to-avoid-conflict-with-guava.jar;C:\Users\macla\.m2\repository\com\google\code\findbugs\jsr305\3.0.2\jsr305-3.0.2.jar;C:\Users\macla\.m2\repository\org\checkerframework\checker-qual\3.12.0\checker-qual-3.12.0.jar;C:\Users\macla\.m2\repository\com\google\errorprone\error_prone_annotations\2.11.0\error_prone_annotations-2.11.0.jar;C:\Users\macla\.m2\repository\com\google\j2objc\j2objc-annotations\1.3\j2objc-annotations-1.3.jar;C:\Users\macla\.m2\repository\org\seleniumhq\selenium\selenium-chromium-driver\4.4.0\selenium-chromium-driver-4.4.0.jar;C:\Users\macla\.m2\repository\org\seleniumhq\selenium\selenium-json\4.4.0\selenium-json-4.4.0.jar;C:\Users\macla\.m2\repository\org\seleniumhq\selenium\selenium-devtools-v102\4.4.0\selenium-devtools-v102-4.4.0.jar;C:\Users\macla\.m2\repository\org\seleniumhq\selenium\selenium-devtools-v103\4.4.0\selenium-devtools-v103-4.4.0.jar;C:\Users\macla\.m2\repository\org\seleniumhq\selenium\selenium-devtools-v104\4.4.0\selenium-devtools-v104-4.4.0.jar;C:\Users\macla\.m2\repository\org\seleniumhq\selenium\selenium-devtools-v85\4.4.0\selenium-devtools-v85-4.4.0.jar;C:\Users\macla\.m2\repository\org\seleniumhq\selenium\selenium-edge-driver\4.4.0\selenium-edge-driver-4.4.0.jar;C:\Users\macla\.m2\repository\org\seleniumhq\selenium\selenium-firefox-driver\4.4.0\selenium-firefox-driver-4.4.0.jar;C:\Users\macla\.m2\repository\org\seleniumhq\selenium\selenium-ie-driver\4.4.0\selenium-ie-driver-4.4.0.jar;C:\Users\macla\.m2\repository\org\seleniumhq\selenium\selenium-opera-driver\4.4.0\selenium-opera-driver-4.4.0.jar;C:\Users\macla\.m2\repository\org\seleniumhq\selenium\selenium-remote-driver\4.4.0\selenium-remote-driver-4.4.0.jar;C:\Users\macla\.m2\repository\com\beust\jcommander\1.82\jcommander-1.82.jar;C:\Users\macla\.m2\repository\io\netty\netty-buffer\4.1.78.Final\netty-buffer-4.1.78.Final.jar;C:\Users\macla\.m2\repository\io\netty\netty-codec-http\4.1.78.Final\netty-codec-http-4.1.78.Final.jar;C:\Users\macla\.m2\repository\io\netty\netty-codec\4.1.78.Final\netty-codec-4.1.78.Final.jar;C:\Users\macla\.m2\repository\io\netty\netty-handler\4.1.78.Final\netty-handler-4.1.78.Final.jar;C:\Users\macla\.m2\repository\io\netty\netty-common\4.1.78.Final\netty-common-4.1.78.Final.jar;C:\Users\macla\.m2\repository\io\netty\netty-transport-classes-epoll\4.1.78.Final\netty-transport-classes-epoll-4.1.78.Final.jar;C:\Users\macla\.m2\repository\io\netty\netty-transport-classes-kqueue\4.1.78.Final\netty-transport-classes-kqueue-4.1.78.Final.jar;C:\Users\macla\.m2\repository\io\netty\netty-transport-native-epoll\4.1.78.Final\netty-transport-native-epoll-4.1.78.Final.jar;C:\Users\macla\.m2\repository\io\netty\netty-transport-native-kqueue\4.1.78.Final\netty-transport-native-kqueue-4.1.78.Final.jar;C:\Users\macla\.m2\repository\io\netty\netty-transport-native-unix-common\4.1.78.Final\netty-transport-native-unix-common-4.1.78.Final.jar;C:\Users\macla\.m2\repository\io\netty\netty-transport\4.1.78.Final\netty-transport-4.1.78.Final.jar;C:\Users\macla\.m2\repository\io\netty\netty-resolver\4.1.78.Final\netty-resolver-4.1.78.Final.jar;C:\Users\macla\.m2\repository\io\opentelemetry\opentelemetry-api\1.16.0\opentelemetry-api-1.16.0.jar;C:\Users\macla\.m2\repository\io\opentelemetry\opentelemetry-context\1.16.0\opentelemetry-context-1.16.0.jar;C:\Users\macla\.m2\repository\io\opentelemetry\opentelemetry-exporter-logging\1.16.0\opentelemetry-exporter-logging-1.16.0.jar;C:\Users\macla\.m2\repository\io\opentelemetry\opentelemetry-sdk-metrics\1.16.0\opentelemetry-sdk-metrics-1.16.0.jar;C:\Users\macla\.m2\repository\io\opentelemetry\opentelemetry-sdk-logs\1.16.0-alpha\opentelemetry-sdk-logs-1.16.0-alpha.jar;C:\Users\macla\.m2\repository\io\opentelemetry\opentelemetry-sdk-common\1.16.0\opentelemetry-sdk-common-1.16.0.jar;C:\Users\macla\.m2\repository\io\opentelemetry\opentelemetry-sdk-extension-autoconfigure-spi\1.16.0\opentelemetry-sdk-extension-autoconfigure-spi-1.16.0.jar;C:\Users\macla\.m2\repository\io\opentelemetry\opentelemetry-sdk-extension-autoconfigure\1.16.0-alpha\opentelemetry-sdk-extension-autoconfigure-1.16.0-alpha.jar;C:\Users\macla\.m2\repository\io\opentelemetry\opentelemetry-sdk-trace\1.16.0\opentelemetry-sdk-trace-1.16.0.jar;C:\Users\macla\.m2\repository\io\opentelemetry\opentelemetry-sdk\1.16.0\opentelemetry-sdk-1.16.0.jar;C:\Users\macla\.m2\repository\io\opentelemetry\opentelemetry-semconv\1.16.0-alpha\opentelemetry-semconv-1.16.0-alpha.jar;C:\Users\macla\.m2\repository\io\ous\jtoml\2.0.0\jtoml-2.0.0.jar;C:\Users\macla\.m2\repository\net\bytebuddy\byte-buddy\1.12.10\byte-buddy-1.12.10.jar;C:\Users\macla\.m2\repository\org\apache\commons\commons-exec\1.3\commons-exec-1.3.jar;C:\Users\macla\.m2\repository\org\asynchttpclient\async-http-client\2.12.3\async-http-client-2.12.3.jar;C:\Users\macla\.m2\repository\org\asynchttpclient\async-http-client-netty-utils\2.12.3\async-http-client-netty-utils-2.12.3.jar;C:\Users\macla\.m2\repository\io\netty\netty-codec-socks\4.1.60.Final\netty-codec-socks-4.1.60.Final.jar;C:\Users\macla\.m2\repository\io\netty\netty-handler-proxy\4.1.60.Final\netty-handler-proxy-4.1.60.Final.jar;C:\Users\macla\.m2\repository\io\netty\netty-transport-native-epoll\4.1.60.Final\netty-transport-native-epoll-4.1.60.Final-linux-x86_64.jar;C:\Users\macla\.m2\repository\io\netty\netty-transport-native-kqueue\4.1.60.Final\netty-transport-native-kqueue-4.1.60.Final-osx-x86_64.jar;C:\Users\macla\.m2\repository\org\reactivestreams\reactive-streams\1.0.3\reactive-streams-1.0.3.jar;C:\Users\macla\.m2\repository\com\typesafe\netty\netty-reactive-streams\2.0.4\netty-reactive-streams-2.0.4.jar;C:\Users\macla\.m2\repository\com\sun\activation\jakarta.activation\1.2.2\jakarta.activation-1.2.2.jar;C:\Users\macla\.m2\repository\org\seleniumhq\selenium\selenium-http\4.4.0\selenium-http-4.4.0.jar;C:\Users\macla\.m2\repository\dev\failsafe\failsafe\3.2.4\failsafe-3.2.4.jar;C:\Users\macla\.m2\repository\org\seleniumhq\selenium\selenium-safari-driver\4.4.0\selenium-safari-driver-4.4.0.jar;C:\Users\macla\.m2\repository\org\seleniumhq\selenium\selenium-support\4.4.0\selenium-support-4.4.0.jar;C:\Users\macla\.m2\repository\io\github\bonigarcia\webdrivermanager\5.3.0\webdrivermanager-5.3.0.jar;C:\Users\macla\.m2\repository\org\slf4j\slf4j-api\1.7.36\slf4j-api-1.7.36.jar;C:\Users\macla\.m2\repository\com\google\code\gson\gson\2.9.1\gson-2.9.1.jar;C:\Users\macla\.m2\repository\com\github\docker-java\docker-java\3.2.13\docker-java-3.2.13.jar;C:\Users\macla\.m2\repository\com\github\docker-java\docker-java-core\3.2.13\docker-java-core-3.2.13.jar;C:\Users\macla\.m2\repository\com\github\docker-java\docker-java-api\3.2.13\docker-java-api-3.2.13.jar;C:\Users\macla\.m2\repository\com\fasterxml\jackson\core\jackson-annotations\2.10.3\jackson-annotations-2.10.3.jar;C:\Users\macla\.m2\repository\com\fasterxml\jackson\core\jackson-databind\2.10.3\jackson-databind-2.10.3.jar;C:\Users\macla\.m2\repository\com\fasterxml\jackson\core\jackson-core\2.10.3\jackson-core-2.10.3.jar;C:\Users\macla\.m2\repository\org\bouncycastle\bcpkix-jdk15on\1.64\bcpkix-jdk15on-1.64.jar;C:\Users\macla\.m2\repository\org\bouncycastle\bcprov-jdk15on\1.64\bcprov-jdk15on-1.64.jar;C:\Users\macla\.m2\repository\org\slf4j\jcl-over-slf4j\1.7.30\jcl-over-slf4j-1.7.30.jar;C:\Users\macla\.m2\repository\com\github\docker-java\docker-java-transport-httpclient5\3.2.13\docker-java-transport-httpclient5-3.2.13.jar;C:\Users\macla\.m2\repository\com\github\docker-java\docker-java-transport\3.2.13\docker-java-transport-3.2.13.jar;C:\Users\macla\.m2\repository\net\java\dev\jna\jna\5.8.0\jna-5.8.0.jar;C:\Users\macla\.m2\repository\org\brotli\dec\0.1.2\dec-0.1.2.jar;C:\Users\macla\.m2\repository\org\apache\commons\commons-lang3\3.12.0\commons-lang3-3.12.0.jar;C:\Users\macla\.m2\repository\org\apache\httpcomponents\client5\httpclient5\5.1.3\httpclient5-5.1.3.jar;C:\Users\macla\.m2\repository\org\apache\httpcomponents\core5\httpcore5\5.1.3\httpcore5-5.1.3.jar;C:\Users\macla\.m2\repository\org\apache\httpcomponents\core5\httpcore5-h2\5.1.3\httpcore5-h2-5.1.3.jar;C:\Users\macla\.m2\repository\org\apache\poi\poi\5.2.3\poi-5.2.3.jar;C:\Users\macla\.m2\repository\commons-codec\commons-codec\1.15\commons-codec-1.15.jar;C:\Users\macla\.m2\repository\org\apache\commons\commons-collections4\4.4\commons-collections4-4.4.jar;C:\Users\macla\.m2\repository\org\apache\commons\commons-math3\3.6.1\commons-math3-3.6.1.jar;C:\Users\macla\.m2\repository\com\zaxxer\SparseBitSet\1.2\SparseBitSet-1.2.jar;C:\Users\macla\.m2\repository\org\apache\logging\log4j\log4j-api\2.18.0\log4j-api-2.18.0.jar;C:\Users\macla\.m2\repository\org\apache\poi\poi-ooxml\5.2.3\poi-ooxml-5.2.3.jar;C:\Users\macla\.m2\repository\org\apache\poi\poi-ooxml-lite\5.2.3\poi-ooxml-lite-5.2.3.jar;C:\Users\macla\.m2\repository\org\apache\xmlbeans\xmlbeans\5.1.1\xmlbeans-5.1.1.jar;C:\Users\macla\.m2\repository\org\apache\commons\commons-compress\1.21\commons-compress-1.21.jar;C:\Users\macla\.m2\repository\com\github\virtuald\curvesapi\1.07\curvesapi-1.07.jar;C:\Users\macla\.m2\repository\mysql\mysql-connector-java\8.0.30\mysql-connector-java-8.0.30.jar;C:\Users\macla\.m2\repository\com\google\protobuf\protobuf-java\3.19.4\protobuf-java-3.19.4.jar;C:\Users\macla\.m2\repository\commons-io\commons-io\2.11.0\commons-io-2.11.0.jar;C:\Users\macla\.m2\repository\org\yaml\snakeyaml\1.33\snakeyaml-1.33.jar;C:\Users\macla\.m2\repository\log4j\log4j\1.2.17\log4j-1.2.17.jar;C:\Users\macla\.m2\repository\net\datafaker\datafaker\1.8.0\datafaker-1.8.0.jar;C:\Users\macla\.m2\repository\com\github\mifmif\generex\1.0.2\generex-1.0.2.jar;C:\Users\macla\.m2\repository\dk\brics\automaton\automaton\1.11-8\automaton-1.11-8.jar;"/>
    <property name="java.vm.vendor" value="Oracle Corporation"/>
    <property name="sun.arch.data.model" value="64"/>
    <property name="user.variant" value=""/>
    <property name="java.vendor.url" value="https://openjdk.java.net/"/>
    <property name="user.timezone" value="America/New_York"/>
    <property name="java.vm.specification.version" value="11"/>
    <property name="os.name" value="Windows 11"/>
    <property name="sun.java.launcher" value="SUN_STANDARD"/>
    <property name="user.country" value="US"/>
    <property name="sun.boot.library.path" value="C:\Program Files\Java\jdk-11.0.16.1\bin"/>
    <property name="sun.java.command" value="C:\Users\macla\AppData\Local\Temp\surefire13343795330482503881\surefirebooter-20230323235901240_3.jar C:\Users\macla\AppData\Local\Temp\surefire13343795330482503881 2023-03-23T23-59-00_819-jvmRun1 surefire-20230323235901240_1tmp surefire_0-20230323235901240_2tmp"/>
    <property name="jdk.debug" value="release"/>
    <property name="surefire.test.class.path" value="C:\Users\macla\eclipse-workspace\tek-capstone-transformers\target\test-classes;C:\Users\macla\eclipse-workspace\tek-capstone-transformers\target\classes;C:\Users\macla\.m2\repository\io\cucumber\cucumber-java\7.8.0\cucumber-java-7.8.0.jar;C:\Users\macla\.m2\repository\io\cucumber\cucumber-core\7.8.0\cucumber-core-7.8.0.jar;C:\Users\macla\.m2\repository\io\cucumber\cucumber-gherkin\7.8.0\cucumber-gherkin-7.8.0.jar;C:\Users\macla\.m2\repository\io\cucumber\cucumber-gherkin-messages\7.8.0\cucumber-gherkin-messages-7.8.0.jar;C:\Users\macla\.m2\repository\io\cucumber\gherkin\24.0.0\gherkin-24.0.0.jar;C:\Users\macla\.m2\repository\io\cucumber\messages\19.1.2\messages-19.1.2.jar;C:\Users\macla\.m2\repository\io\cucumber\tag-expressions\4.1.0\tag-expressions-4.1.0.jar;C:\Users\macla\.m2\repository\io\cucumber\cucumber-expressions\16.0.0\cucumber-expressions-16.0.0.jar;C:\Users\macla\.m2\repository\io\cucumber\datatable\7.8.0\datatable-7.8.0.jar;C:\Users\macla\.m2\repository\io\cucumber\cucumber-plugin\7.8.0\cucumber-plugin-7.8.0.jar;C:\Users\macla\.m2\repository\io\cucumber\docstring\7.8.0\docstring-7.8.0.jar;C:\Users\macla\.m2\repository\io\cucumber\html-formatter\20.1.0\html-formatter-20.1.0.jar;C:\Users\macla\.m2\repository\io\cucumber\ci-environment\9.1.0\ci-environment-9.1.0.jar;C:\Users\macla\.m2\repository\org\apiguardian\apiguardian-api\1.1.2\apiguardian-api-1.1.2.jar;C:\Users\macla\.m2\repository\io\cucumber\cucumber-junit\7.8.0\cucumber-junit-7.8.0.jar;C:\Users\macla\.m2\repository\junit\junit\4.13.2\junit-4.13.2.jar;C:\Users\macla\.m2\repository\org\hamcrest\hamcrest-core\1.3\hamcrest-core-1.3.jar;C:\Users\macla\.m2\repository\org\seleniumhq\selenium\selenium-java\4.4.0\selenium-java-4.4.0.jar;C:\Users\macla\.m2\repository\org\seleniumhq\selenium\selenium-api\4.4.0\selenium-api-4.4.0.jar;C:\Users\macla\.m2\repository\org\seleniumhq\selenium\selenium-chrome-driver\4.4.0\selenium-chrome-driver-4.4.0.jar;C:\Users\macla\.m2\repository\com\google\auto\service\auto-service-annotations\1.0.1\auto-service-annotations-1.0.1.jar;C:\Users\macla\.m2\repository\com\google\auto\service\auto-service\1.0.1\auto-service-1.0.1.jar;C:\Users\macla\.m2\repository\com\google\auto\auto-common\1.2\auto-common-1.2.jar;C:\Users\macla\.m2\repository\com\google\guava\guava\31.1-jre\guava-31.1-jre.jar;C:\Users\macla\.m2\repository\com\google\guava\failureaccess\1.0.1\failureaccess-1.0.1.jar;C:\Users\macla\.m2\repository\com\google\guava\listenablefuture\9999.0-empty-to-avoid-conflict-with-guava\listenablefuture-9999.0-empty-to-avoid-conflict-with-guava.jar;C:\Users\macla\.m2\repository\com\google\code\findbugs\jsr305\3.0.2\jsr305-3.0.2.jar;C:\Users\macla\.m2\repository\org\checkerframework\checker-qual\3.12.0\checker-qual-3.12.0.jar;C:\Users\macla\.m2\repository\com\google\errorprone\error_prone_annotations\2.11.0\error_prone_annotations-2.11.0.jar;C:\Users\macla\.m2\repository\com\google\j2objc\j2objc-annotations\1.3\j2objc-annotations-1.3.jar;C:\Users\macla\.m2\repository\org\seleniumhq\selenium\selenium-chromium-driver\4.4.0\selenium-chromium-driver-4.4.0.jar;C:\Users\macla\.m2\repository\org\seleniumhq\selenium\selenium-json\4.4.0\selenium-json-4.4.0.jar;C:\Users\macla\.m2\repository\org\seleniumhq\selenium\selenium-devtools-v102\4.4.0\selenium-devtools-v102-4.4.0.jar;C:\Users\macla\.m2\repository\org\seleniumhq\selenium\selenium-devtools-v103\4.4.0\selenium-devtools-v103-4.4.0.jar;C:\Users\macla\.m2\repository\org\seleniumhq\selenium\selenium-devtools-v104\4.4.0\selenium-devtools-v104-4.4.0.jar;C:\Users\macla\.m2\repository\org\seleniumhq\selenium\selenium-devtools-v85\4.4.0\selenium-devtools-v85-4.4.0.jar;C:\Users\macla\.m2\repository\org\seleniumhq\selenium\selenium-edge-driver\4.4.0\selenium-edge-driver-4.4.0.jar;C:\Users\macla\.m2\repository\org\seleniumhq\selenium\selenium-firefox-driver\4.4.0\selenium-firefox-driver-4.4.0.jar;C:\Users\macla\.m2\repository\org\seleniumhq\selenium\selenium-ie-driver\4.4.0\selenium-ie-driver-4.4.0.jar;C:\Users\macla\.m2\repository\org\seleniumhq\selenium\selenium-opera-driver\4.4.0\selenium-opera-driver-4.4.0.jar;C:\Users\macla\.m2\repository\org\seleniumhq\selenium\selenium-remote-driver\4.4.0\selenium-remote-driver-4.4.0.jar;C:\Users\macla\.m2\repository\com\beust\jcommander\1.82\jcommander-1.82.jar;C:\Users\macla\.m2\repository\io\netty\netty-buffer\4.1.78.Final\netty-buffer-4.1.78.Final.jar;C:\Users\macla\.m2\repository\io\netty\netty-codec-http\4.1.78.Final\netty-codec-http-4.1.78.Final.jar;C:\Users\macla\.m2\repository\io\netty\netty-codec\4.1.78.Final\netty-codec-4.1.78.Final.jar;C:\Users\macla\.m2\repository\io\netty\netty-handler\4.1.78.Final\netty-handler-4.1.78.Final.jar;C:\Users\macla\.m2\repository\io\netty\netty-common\4.1.78.Final\netty-common-4.1.78.Final.jar;C:\Users\macla\.m2\repository\io\netty\netty-transport-classes-epoll\4.1.78.Final\netty-transport-classes-epoll-4.1.78.Final.jar;C:\Users\macla\.m2\repository\io\netty\netty-transport-classes-kqueue\4.1.78.Final\netty-transport-classes-kqueue-4.1.78.Final.jar;C:\Users\macla\.m2\repository\io\netty\netty-transport-native-epoll\4.1.78.Final\netty-transport-native-epoll-4.1.78.Final.jar;C:\Users\macla\.m2\repository\io\netty\netty-transport-native-kqueue\4.1.78.Final\netty-transport-native-kqueue-4.1.78.Final.jar;C:\Users\macla\.m2\repository\io\netty\netty-transport-native-unix-common\4.1.78.Final\netty-transport-native-unix-common-4.1.78.Final.jar;C:\Users\macla\.m2\repository\io\netty\netty-transport\4.1.78.Final\netty-transport-4.1.78.Final.jar;C:\Users\macla\.m2\repository\io\netty\netty-resolver\4.1.78.Final\netty-resolver-4.1.78.Final.jar;C:\Users\macla\.m2\repository\io\opentelemetry\opentelemetry-api\1.16.0\opentelemetry-api-1.16.0.jar;C:\Users\macla\.m2\repository\io\opentelemetry\opentelemetry-context\1.16.0\opentelemetry-context-1.16.0.jar;C:\Users\macla\.m2\repository\io\opentelemetry\opentelemetry-exporter-logging\1.16.0\opentelemetry-exporter-logging-1.16.0.jar;C:\Users\macla\.m2\repository\io\opentelemetry\opentelemetry-sdk-metrics\1.16.0\opentelemetry-sdk-metrics-1.16.0.jar;C:\Users\macla\.m2\repository\io\opentelemetry\opentelemetry-sdk-logs\1.16.0-alpha\opentelemetry-sdk-logs-1.16.0-alpha.jar;C:\Users\macla\.m2\repository\io\opentelemetry\opentelemetry-sdk-common\1.16.0\opentelemetry-sdk-common-1.16.0.jar;C:\Users\macla\.m2\repository\io\opentelemetry\opentelemetry-sdk-extension-autoconfigure-spi\1.16.0\opentelemetry-sdk-extension-autoconfigure-spi-1.16.0.jar;C:\Users\macla\.m2\repository\io\opentelemetry\opentelemetry-sdk-extension-autoconfigure\1.16.0-alpha\opentelemetry-sdk-extension-autoconfigure-1.16.0-alpha.jar;C:\Users\macla\.m2\repository\io\opentelemetry\opentelemetry-sdk-trace\1.16.0\opentelemetry-sdk-trace-1.16.0.jar;C:\Users\macla\.m2\repository\io\opentelemetry\opentelemetry-sdk\1.16.0\opentelemetry-sdk-1.16.0.jar;C:\Users\macla\.m2\repository\io\opentelemetry\opentelemetry-semconv\1.16.0-alpha\opentelemetry-semconv-1.16.0-alpha.jar;C:\Users\macla\.m2\repository\io\ous\jtoml\2.0.0\jtoml-2.0.0.jar;C:\Users\macla\.m2\repository\net\bytebuddy\byte-buddy\1.12.10\byte-buddy-1.12.10.jar;C:\Users\macla\.m2\repository\org\apache\commons\commons-exec\1.3\commons-exec-1.3.jar;C:\Users\macla\.m2\repository\org\asynchttpclient\async-http-client\2.12.3\async-http-client-2.12.3.jar;C:\Users\macla\.m2\repository\org\asynchttpclient\async-http-client-netty-utils\2.12.3\async-http-client-netty-utils-2.12.3.jar;C:\Users\macla\.m2\repository\io\netty\netty-codec-socks\4.1.60.Final\netty-codec-socks-4.1.60.Final.jar;C:\Users\macla\.m2\repository\io\netty\netty-handler-proxy\4.1.60.Final\netty-handler-proxy-4.1.60.Final.jar;C:\Users\macla\.m2\repository\io\netty\netty-transport-native-epoll\4.1.60.Final\netty-transport-native-epoll-4.1.60.Final-linux-x86_64.jar;C:\Users\macla\.m2\repository\io\netty\netty-transport-native-kqueue\4.1.60.Final\netty-transport-native-kqueue-4.1.60.Final-osx-x86_64.jar;C:\Users\macla\.m2\repository\org\reactivestreams\reactive-streams\1.0.3\reactive-streams-1.0.3.jar;C:\Users\macla\.m2\repository\com\typesafe\netty\netty-reactive-streams\2.0.4\netty-reactive-streams-2.0.4.jar;C:\Users\macla\.m2\repository\com\sun\activation\jakarta.activation\1.2.2\jakarta.activation-1.2.2.jar;C:\Users\macla\.m2\repository\org\seleniumhq\selenium\selenium-http\4.4.0\selenium-http-4.4.0.jar;C:\Users\macla\.m2\repository\dev\failsafe\failsafe\3.2.4\failsafe-3.2.4.jar;C:\Users\macla\.m2\repository\org\seleniumhq\selenium\selenium-safari-driver\4.4.0\selenium-safari-driver-4.4.0.jar;C:\Users\macla\.m2\repository\org\seleniumhq\selenium\selenium-support\4.4.0\selenium-support-4.4.0.jar;C:\Users\macla\.m2\repository\io\github\bonigarcia\webdrivermanager\5.3.0\webdrivermanager-5.3.0.jar;C:\Users\macla\.m2\repository\org\slf4j\slf4j-api\1.7.36\slf4j-api-1.7.36.jar;C:\Users\macla\.m2\repository\com\google\code\gson\gson\2.9.1\gson-2.9.1.jar;C:\Users\macla\.m2\repository\com\github\docker-java\docker-java\3.2.13\docker-java-3.2.13.jar;C:\Users\macla\.m2\repository\com\github\docker-java\docker-java-core\3.2.13\docker-java-core-3.2.13.jar;C:\Users\macla\.m2\repository\com\github\docker-java\docker-java-api\3.2.13\docker-java-api-3.2.13.jar;C:\Users\macla\.m2\repository\com\fasterxml\jackson\core\jackson-annotations\2.10.3\jackson-annotations-2.10.3.jar;C:\Users\macla\.m2\repository\com\fasterxml\jackson\core\jackson-databind\2.10.3\jackson-databind-2.10.3.jar;C:\Users\macla\.m2\repository\com\fasterxml\jackson\core\jackson-core\2.10.3\jackson-core-2.10.3.jar;C:\Users\macla\.m2\repository\org\bouncycastle\bcpkix-jdk15on\1.64\bcpkix-jdk15on-1.64.jar;C:\Users\macla\.m2\repository\org\bouncycastle\bcprov-jdk15on\1.64\bcprov-jdk15on-1.64.jar;C:\Users\macla\.m2\repository\org\slf4j\jcl-over-slf4j\1.7.30\jcl-over-slf4j-1.7.30.jar;C:\Users\macla\.m2\repository\com\github\docker-java\docker-java-transport-httpclient5\3.2.13\docker-java-transport-httpclient5-3.2.13.jar;C:\Users\macla\.m2\repository\com\github\docker-java\docker-java-transport\3.2.13\docker-java-transport-3.2.13.jar;C:\Users\macla\.m2\repository\net\java\dev\jna\jna\5.8.0\jna-5.8.0.jar;C:\Users\macla\.m2\repository\org\brotli\dec\0.1.2\dec-0.1.2.jar;C:\Users\macla\.m2\repository\org\apache\commons\commons-lang3\3.12.0\commons-lang3-3.12.0.jar;C:\Users\macla\.m2\repository\org\apache\httpcomponents\client5\httpclient5\5.1.3\httpclient5-5.1.3.jar;C:\Users\macla\.m2\repository\org\apache\httpcomponents\core5\httpcore5\5.1.3\httpcore5-5.1.3.jar;C:\Users\macla\.m2\repository\org\apache\httpcomponents\core5\httpcore5-h2\5.1.3\httpcore5-h2-5.1.3.jar;C:\Users\macla\.m2\repository\org\apache\poi\poi\5.2.3\poi-5.2.3.jar;C:\Users\macla\.m2\repository\commons-codec\commons-codec\1.15\commons-codec-1.15.jar;C:\Users\macla\.m2\repository\org\apache\commons\commons-collections4\4.4\commons-collections4-4.4.jar;C:\Users\macla\.m2\repository\org\apache\commons\commons-math3\3.6.1\commons-math3-3.6.1.jar;C:\Users\macla\.m2\repository\com\zaxxer\SparseBitSet\1.2\SparseBitSet-1.2.jar;C:\Users\macla\.m2\repository\org\apache\logging\log4j\log4j-api\2.18.0\log4j-api-2.18.0.jar;C:\Users\macla\.m2\repository\org\apache\poi\poi-ooxml\5.2.3\poi-ooxml-5.2.3.jar;C:\Users\macla\.m2\repository\org\apache\poi\poi-ooxml-lite\5.2.3\poi-ooxml-lite-5.2.3.jar;C:\Users\macla\.m2\repository\org\apache\xmlbeans\xmlbeans\5.1.1\xmlbeans-5.1.1.jar;C:\Users\macla\.m2\repository\org\apache\commons\commons-compress\1.21\commons-compress-1.21.jar;C:\Users\macla\.m2\repository\com\github\virtuald\curvesapi\1.07\curvesapi-1.07.jar;C:\Users\macla\.m2\repository\mysql\mysql-connector-java\8.0.30\mysql-connector-java-8.0.30.jar;C:\Users\macla\.m2\repository\com\google\protobuf\protobuf-java\3.19.4\protobuf-java-3.19.4.jar;C:\Users\macla\.m2\repository\commons-io\commons-io\2.11.0\commons-io-2.11.0.jar;C:\Users\macla\.m2\repository\org\yaml\snakeyaml\1.33\snakeyaml-1.33.jar;C:\Users\macla\.m2\repository\log4j\log4j\1.2.17\log4j-1.2.17.jar;C:\Users\macla\.m2\repository\net\datafaker\datafaker\1.8.0\datafaker-1.8.0.jar;C:\Users\macla\.m2\repository\com\github\mifmif\generex\1.0.2\generex-1.0.2.jar;C:\Users\macla\.m2\repository\dk\brics\automaton\automaton\1.11-8\automaton-1.11-8.jar;"/>
    <property name="sun.cpu.endian" value="little"/>
    <property name="user.home" value="C:\Users\macla"/>
    <property name="user.language" value="en"/>
    <property name="java.specification.vendor" value="Oracle Corporation"/>
    <property name="java.version.date" value="2022-08-18"/>
    <property name="java.home" value="C:\Program Files\Java\jdk-11.0.16.1"/>
    <property name="file.separator" value="\"/>
    <property name="style.color" value="always"/>
    <property name="basedir" value="C:\Users\macla\eclipse-workspace\tek-capstone-transformers"/>
    <property name="java.vm.compressedOopsMode" value="Zero based"/>
    <property name="line.separator" value="&#10;"/>
    <property name="java.specification.name" value="Java Platform API Specification"/>
    <property name="java.vm.specification.vendor" value="Oracle Corporation"/>
    <property name="java.awt.graphicsenv" value="sun.awt.Win32GraphicsEnvironment"/>
    <property name="surefire.real.class.path" value="C:\Users\macla\AppData\Local\Temp\surefire13343795330482503881\surefirebooter-20230323235901240_3.jar"/>
    <property name="user.script" value=""/>
    <property name="sun.management.compiler" value="HotSpot 64-Bit Tiered Compilers"/>
    <property name="java.runtime.version" value="11.0.16.1+1-LTS-1"/>
    <property name="user.name" value="macla"/>
    <property name="path.separator" value=";"/>
    <property name="os.version" value="10.0"/>
    <property name="java.runtime.name" value="Java(TM) SE Runtime Environment"/>
    <property name="file.encoding" value="Cp1252"/>
    <property name="java.vm.name" value="Java HotSpot(TM) 64-Bit Server VM"/>
    <property name="java.vendor.version" value="18.9"/>
    <property name="localRepository" value="C:\Users\macla\.m2\repository"/>
    <property name="java.vendor.url.bug" value="https://bugreport.java.com/bugreport/"/>
    <property name="java.io.tmpdir" value="C:\Users\macla\AppData\Local\Temp\"/>
    <property name="java.version" value="11.0.16.1"/>
    <property name="user.dir" value="C:\Users\macla\eclipse-workspace\tek-capstone-transformers"/>
    <property name="os.arch" value="amd64"/>
    <property name="java.vm.specification.name" value="Java Virtual Machine Specification"/>
    <property name="java.awt.printerjob" value="sun.awt.windows.WPrinterJob"/>
    <property name="sun.os.patch.level" value=""/>
    <property name="java.library.path" value="C:\Program Files\Java\jdk-11.0.16.1\bin;C:\WINDOWS\Sun\Java\bin;C:\WINDOWS\system32;C:\WINDOWS;C:/Users/macla/.p2/pool/plugins/org.eclipse.justj.openjdk.hotspot.jre.full.win32.x86_64_17.0.4.v20221004-1257/jre/bin/server;C:/Users/macla/.p2/pool/plugins/org.eclipse.justj.openjdk.hotspot.jre.full.win32.x86_64_17.0.4.v20221004-1257/jre/bin;C:\Program Files\Common Files\Oracle\Java\javapath;C:\WINDOWS\system32;C:\WINDOWS;C:\WINDOWS\System32\Wbem;C:\WINDOWS\System32\WindowsPowerShell\v1.0\;C:\WINDOWS\System32\OpenSSH\;C:\apache-maven-3.8.7\bin;C:\Program Files\Git\cmd;C:\Users\macla\AppData\Local\Microsoft\WindowsApps;;C:\Users\macla\OneDrive\Desktop;;."/>
    <property name="java.vendor" value="Oracle Corporation"/>
    <property name="java.vm.info" value="mixed mode"/>
    <property name="java.vm.version" value="11.0.16.1+1-LTS-1"/>
    <property name="sun.io.unicode.encoding" value="UnicodeLittle"/>
    <property name="java.class.version" value="55.0"/>
  </properties>
  <testcase name="Verify department sidebar options #1" classname="Retail Home Page" time="3.149">
    <system-out><![CDATA[
@all
Scenario Outline: Verify department sidebar options # features/Home.feature:20
{browser=edge, headless=true, url=https://tek-retail-ui.azurewebsites.net/}
 INFO [main] (SignInSteps.java:26)- user is on retail website
 INFO [main] (SignInSteps.java:27)- Actual Title React App Equals  ExpectedTitle React App
  Given User is on retail website                   # tek.capstone.framework.steps.SignInSteps.userIsOnRetailWebsite()
 INFO [main] (HomeSteps.java:22)- user clicked on All section
  When User click on All section                    # tek.capstone.framework.steps.HomeSteps.userClickOnAllSection()
  And User on 'department'                          # tek.capstone.framework.steps.HomeSteps.userOnElectronics(java.lang.String)
  Then below options are present in department      # tek.capstone.framework.steps.HomeSteps.belowOptionsArePresentInDepartment(io.cucumber.datatable.DataTable)
    | TV & Video | Video Games |
]]></system-out>
    <system-err><![CDATA[SLF4J: Failed to load class "org.slf4j.impl.StaticLoggerBinder".
SLF4J: Defaulting to no-operation (NOP) logger implementation
SLF4J: See http://www.slf4j.org/codes.html#StaticLoggerBinder for further details.
ERROR StatusLogger Log4j2 could not find a logging implementation. Please add log4j-core to the classpath. Using SimpleLogger to log to the console...
Starting Microsoft Edge WebDriver 111.0.1661.51 (5b30e0e79e572b7d6873934eb1b328c220c72c9b) on port 58638
To submit feedback, report a bug, or suggest new features, please visit https://github.com/MicrosoftEdge/EdgeWebDriver

Only local connections are allowed.
Please see https://aka.ms/WebDriverSecurity for suggestions on keeping Microsoft Edge WebDriver safe.

Microsoft Edge WebDriver was started successfully.
Mar 23, 2023 11:59:03 PM org.openqa.selenium.remote.ProtocolHandshake createSession
INFO: Detected upstream dialect: W3C
Mar 23, 2023 11:59:03 PM org.openqa.selenium.devtools.CdpVersionFinder findNearestMatch
WARNING: Unable to find an exact match for CDP version 111, so returning the closest version found: a no-op implementation
Mar 23, 2023 11:59:03 PM org.openqa.selenium.devtools.CdpVersionFinder findNearestMatch
INFO: Unable to find CDP implementation matching 111.
Mar 23, 2023 11:59:03 PM org.openqa.selenium.chromium.ChromiumDriver lambda$new$3
WARNING: Unable to find version of CDP to use for . You may need to include a dependency on a specific version of the CDP using something similar to `org.seleniumhq.selenium:selenium-devtools-v86:4.4.0` where the version ("v86") matches the version of the chromium-based browser you're using and the version number of the artifact is the same as Selenium's.
]]></system-err>
  </testcase>
  <testcase name="Verify department sidebar options #2" classname="Retail Home Page" time="1.845">
    <system-out><![CDATA[
@all
Scenario Outline: Verify department sidebar options # features/Home.feature:21
{browser=edge, headless=true, url=https://tek-retail-ui.azurewebsites.net/}
 INFO [main] (SignInSteps.java:26)- user is on retail website
 INFO [main] (SignInSteps.java:27)- Actual Title React App Equals  ExpectedTitle React App
  Given User is on retail website                   # tek.capstone.framework.steps.SignInSteps.userIsOnRetailWebsite()
 INFO [main] (HomeSteps.java:22)- user clicked on All section
  When User click on All section                    # tek.capstone.framework.steps.HomeSteps.userClickOnAllSection()
  And User on 'department'                          # tek.capstone.framework.steps.HomeSteps.userOnElectronics(java.lang.String)
  Then below options are present in department      # tek.capstone.framework.steps.HomeSteps.belowOptionsArePresentInDepartment(io.cucumber.datatable.DataTable)
    | Accessories | Networking |
]]></system-out>
    <system-err><![CDATA[Starting Microsoft Edge WebDriver 111.0.1661.51 (5b30e0e79e572b7d6873934eb1b328c220c72c9b) on port 53782
To submit feedback, report a bug, or suggest new features, please visit https://github.com/MicrosoftEdge/EdgeWebDriver

Only local connections are allowed.
Please see https://aka.ms/WebDriverSecurity for suggestions on keeping Microsoft Edge WebDriver safe.

Microsoft Edge WebDriver was started successfully.
Mar 23, 2023 11:59:05 PM org.openqa.selenium.remote.ProtocolHandshake createSession
INFO: Detected upstream dialect: W3C
Mar 23, 2023 11:59:05 PM org.openqa.selenium.devtools.CdpVersionFinder findNearestMatch
WARNING: Unable to find an exact match for CDP version 111, so returning the closest version found: a no-op implementation
Mar 23, 2023 11:59:05 PM org.openqa.selenium.devtools.CdpVersionFinder findNearestMatch
INFO: Unable to find CDP implementation matching 111.
Mar 23, 2023 11:59:05 PM org.openqa.selenium.chromium.ChromiumDriver lambda$new$3
WARNING: Unable to find version of CDP to use for . You may need to include a dependency on a specific version of the CDP using something similar to `org.seleniumhq.selenium:selenium-devtools-v86:4.4.0` where the version ("v86") matches the version of the chromium-based browser you're using and the version number of the artifact is the same as Selenium's.
]]></system-err>
  </testcase>
  <testcase name="Verify department sidebar options #3" classname="Retail Home Page" time="1.84">
    <system-out><![CDATA[
@all
Scenario Outline: Verify department sidebar options # features/Home.feature:22
{browser=edge, headless=true, url=https://tek-retail-ui.azurewebsites.net/}
 INFO [main] (SignInSteps.java:26)- user is on retail website
 INFO [main] (SignInSteps.java:27)- Actual Title React App Equals  ExpectedTitle React App
  Given User is on retail website                   # tek.capstone.framework.steps.SignInSteps.userIsOnRetailWebsite()
 INFO [main] (HomeSteps.java:22)- user clicked on All section
  When User click on All section                    # tek.capstone.framework.steps.HomeSteps.userClickOnAllSection()
  And User on 'department'                          # tek.capstone.framework.steps.HomeSteps.userOnElectronics(java.lang.String)
  Then below options are present in department      # tek.capstone.framework.steps.HomeSteps.belowOptionsArePresentInDepartment(io.cucumber.datatable.DataTable)
    | Smart Home Lightning | Plugs and Outlets |
]]></system-out>
    <system-err><![CDATA[Starting Microsoft Edge WebDriver 111.0.1661.51 (5b30e0e79e572b7d6873934eb1b328c220c72c9b) on port 56120
To submit feedback, report a bug, or suggest new features, please visit https://github.com/MicrosoftEdge/EdgeWebDriver

Only local connections are allowed.
Please see https://aka.ms/WebDriverSecurity for suggestions on keeping Microsoft Edge WebDriver safe.

Microsoft Edge WebDriver was started successfully.
Mar 23, 2023 11:59:07 PM org.openqa.selenium.remote.ProtocolHandshake createSession
INFO: Detected upstream dialect: W3C
Mar 23, 2023 11:59:07 PM org.openqa.selenium.devtools.CdpVersionFinder findNearestMatch
WARNING: Unable to find an exact match for CDP version 111, so returning the closest version found: a no-op implementation
Mar 23, 2023 11:59:07 PM org.openqa.selenium.devtools.CdpVersionFinder findNearestMatch
INFO: Unable to find CDP implementation matching 111.
Mar 23, 2023 11:59:07 PM org.openqa.selenium.chromium.ChromiumDriver lambda$new$3
WARNING: Unable to find version of CDP to use for . You may need to include a dependency on a specific version of the CDP using something similar to `org.seleniumhq.selenium:selenium-devtools-v86:4.4.0` where the version ("v86") matches the version of the chromium-based browser you're using and the version number of the artifact is the same as Selenium's.
]]></system-err>
  </testcase>
  <testcase name="Verify department sidebar options #4" classname="Retail Home Page" time="1.803">
    <system-out><![CDATA[
@all
Scenario Outline: Verify department sidebar options # features/Home.feature:23
{browser=edge, headless=true, url=https://tek-retail-ui.azurewebsites.net/}
 INFO [main] (SignInSteps.java:26)- user is on retail website
 INFO [main] (SignInSteps.java:27)- Actual Title React App Equals  ExpectedTitle React App
  Given User is on retail website                   # tek.capstone.framework.steps.SignInSteps.userIsOnRetailWebsite()
 INFO [main] (HomeSteps.java:22)- user clicked on All section
  When User click on All section                    # tek.capstone.framework.steps.HomeSteps.userClickOnAllSection()
  And User on 'department'                          # tek.capstone.framework.steps.HomeSteps.userOnElectronics(java.lang.String)
  Then below options are present in department      # tek.capstone.framework.steps.HomeSteps.belowOptionsArePresentInDepartment(io.cucumber.datatable.DataTable)
    | Athletic Clothing | Exercise & Fitness |
]]></system-out>
    <system-err><![CDATA[Starting Microsoft Edge WebDriver 111.0.1661.51 (5b30e0e79e572b7d6873934eb1b328c220c72c9b) on port 55415
To submit feedback, report a bug, or suggest new features, please visit https://github.com/MicrosoftEdge/EdgeWebDriver

Only local connections are allowed.
Please see https://aka.ms/WebDriverSecurity for suggestions on keeping Microsoft Edge WebDriver safe.

Microsoft Edge WebDriver was started successfully.
Mar 23, 2023 11:59:09 PM org.openqa.selenium.remote.ProtocolHandshake createSession
INFO: Detected upstream dialect: W3C
Mar 23, 2023 11:59:09 PM org.openqa.selenium.devtools.CdpVersionFinder findNearestMatch
WARNING: Unable to find an exact match for CDP version 111, so returning the closest version found: a no-op implementation
Mar 23, 2023 11:59:09 PM org.openqa.selenium.devtools.CdpVersionFinder findNearestMatch
INFO: Unable to find CDP implementation matching 111.
Mar 23, 2023 11:59:09 PM org.openqa.selenium.chromium.ChromiumDriver lambda$new$3
WARNING: Unable to find version of CDP to use for . You may need to include a dependency on a specific version of the CDP using something similar to `org.seleniumhq.selenium:selenium-devtools-v86:4.4.0` where the version ("v86") matches the version of the chromium-based browser you're using and the version number of the artifact is the same as Selenium's.
]]></system-err>
  </testcase>
  <testcase name="Verify department sidebar options #5" classname="Retail Home Page" time="1.727">
    <system-out><![CDATA[
@all
Scenario Outline: Verify department sidebar options # features/Home.feature:24
{browser=edge, headless=true, url=https://tek-retail-ui.azurewebsites.net/}
 INFO [main] (SignInSteps.java:26)- user is on retail website
 INFO [main] (SignInSteps.java:27)- Actual Title React App Equals  ExpectedTitle React App
  Given User is on retail website                   # tek.capstone.framework.steps.SignInSteps.userIsOnRetailWebsite()
 INFO [main] (HomeSteps.java:22)- user clicked on All section
  When User click on All section                    # tek.capstone.framework.steps.HomeSteps.userClickOnAllSection()
  And User on 'department'                          # tek.capstone.framework.steps.HomeSteps.userOnElectronics(java.lang.String)
  Then below options are present in department      # tek.capstone.framework.steps.HomeSteps.belowOptionsArePresentInDepartment(io.cucumber.datatable.DataTable)
    | Automative Parts & Accessories | MotorCycle & Powersports |
]]></system-out>
    <system-err><![CDATA[Starting Microsoft Edge WebDriver 111.0.1661.51 (5b30e0e79e572b7d6873934eb1b328c220c72c9b) on port 54672
To submit feedback, report a bug, or suggest new features, please visit https://github.com/MicrosoftEdge/EdgeWebDriver

Only local connections are allowed.
Please see https://aka.ms/WebDriverSecurity for suggestions on keeping Microsoft Edge WebDriver safe.

Microsoft Edge WebDriver was started successfully.
Mar 23, 2023 11:59:11 PM org.openqa.selenium.remote.ProtocolHandshake createSession
INFO: Detected upstream dialect: W3C
Mar 23, 2023 11:59:11 PM org.openqa.selenium.devtools.CdpVersionFinder findNearestMatch
WARNING: Unable to find an exact match for CDP version 111, so returning the closest version found: a no-op implementation
Mar 23, 2023 11:59:11 PM org.openqa.selenium.devtools.CdpVersionFinder findNearestMatch
INFO: Unable to find CDP implementation matching 111.
Mar 23, 2023 11:59:11 PM org.openqa.selenium.chromium.ChromiumDriver lambda$new$3
WARNING: Unable to find version of CDP to use for . You may need to include a dependency on a specific version of the CDP using something similar to `org.seleniumhq.selenium:selenium-devtools-v86:4.4.0` where the version ("v86") matches the version of the chromium-based browser you're using and the version number of the artifact is the same as Selenium's.
]]></system-err>
  </testcase>
  <testcase name="Verify User can update Profile Information" classname="Retail Account Page" time="3.499">
    <system-out><![CDATA[
@all @Updatedinformation
Scenario: Verify User can update Profile Information                  # features/RetailAccount.feature:12
{browser=edge, headless=true, url=https://tek-retail-ui.azurewebsites.net/}
 INFO [main] (SignInSteps.java:26)- user is on retail website
 INFO [main] (SignInSteps.java:27)- Actual Title React App Equals  ExpectedTitle React App
  Given User is on retail website                                     # tek.capstone.framework.steps.SignInSteps.userIsOnRetailWebsite()
 INFO [main] (SignInSteps.java:33)- User clicked on Sign in Option
  When User click on Sign in option                                   # tek.capstone.framework.steps.SignInSteps.userClickOnSignInOption()
 INFO [main] (SignInSteps.java:40)- User entered email Jsmith15@gmail.com and password Tek/123458
  And User enter email 'Jsmith15@gmail.com' and password 'Tek/123458' # tek.capstone.framework.steps.SignInSteps.userEnterEmailAndPassword(java.lang.String,java.lang.String)
 INFO [main] (SignInSteps.java:46)- User clicked on login button
  And User click on login button                                      # tek.capstone.framework.steps.SignInSteps.userClickOnLoginButton()
  And User should be logged in into Account                           # tek.capstone.framework.steps.SignInSteps.UserShouldBeLoggedInIntoAccount()
 INFO [main] (RetailAccountSteps.java:23)- user clicked on Account option
  When User click on Account option                                   # tek.capstone.framework.steps.RetailAccountSteps.userClickOnAccountOption()
 INFO [main] (RetailAccountSteps.java:33)- user updated Name and phone values
  And User update Name 'firstName' and Phone 'phoneNumber'            # tek.capstone.framework.steps.RetailAccountSteps.userUpdateNameNameValueAndPhonePhoneValue(java.lang.String,java.lang.String)
 INFO [main] (RetailAccountSteps.java:40)- user clicked on Update button
  And User click on Update button                                     # tek.capstone.framework.steps.RetailAccountSteps.userClickOnUpdateButton()
 INFO [main] (RetailAccountSteps.java:47)- user profile information Update
  Then user profile information should be updated                     # tek.capstone.framework.steps.RetailAccountSteps.userProfileInformationShouldBeUpdated()
]]></system-out>
    <system-err><![CDATA[Starting Microsoft Edge WebDriver 111.0.1661.51 (5b30e0e79e572b7d6873934eb1b328c220c72c9b) on port 56982
To submit feedback, report a bug, or suggest new features, please visit https://github.com/MicrosoftEdge/EdgeWebDriver

Only local connections are allowed.
Please see https://aka.ms/WebDriverSecurity for suggestions on keeping Microsoft Edge WebDriver safe.

Microsoft Edge WebDriver was started successfully.
Mar 23, 2023 11:59:13 PM org.openqa.selenium.remote.ProtocolHandshake createSession
INFO: Detected upstream dialect: W3C
Mar 23, 2023 11:59:13 PM org.openqa.selenium.devtools.CdpVersionFinder findNearestMatch
WARNING: Unable to find an exact match for CDP version 111, so returning the closest version found: a no-op implementation
Mar 23, 2023 11:59:13 PM org.openqa.selenium.devtools.CdpVersionFinder findNearestMatch
INFO: Unable to find CDP implementation matching 111.
Mar 23, 2023 11:59:13 PM org.openqa.selenium.chromium.ChromiumDriver lambda$new$3
WARNING: Unable to find version of CDP to use for . You may need to include a dependency on a specific version of the CDP using something similar to `org.seleniumhq.selenium:selenium-devtools-v86:4.4.0` where the version ("v86") matches the version of the chromium-based browser you're using and the version number of the artifact is the same as Selenium's.
]]></system-err>
  </testcase>
  <testcase name="Verify User can add a payment method" classname="Retail Account Page" time="2.821">
    <system-out><![CDATA[
@all @addpayment
Scenario: Verify User can add a payment method                           # features/RetailAccount.feature:19
{browser=edge, headless=true, url=https://tek-retail-ui.azurewebsites.net/}
 INFO [main] (SignInSteps.java:26)- user is on retail website
 INFO [main] (SignInSteps.java:27)- Actual Title React App Equals  ExpectedTitle React App
  Given User is on retail website                                        # tek.capstone.framework.steps.SignInSteps.userIsOnRetailWebsite()
 INFO [main] (SignInSteps.java:33)- User clicked on Sign in Option
  When User click on Sign in option                                      # tek.capstone.framework.steps.SignInSteps.userClickOnSignInOption()
 INFO [main] (SignInSteps.java:40)- User entered email Jsmith15@gmail.com and password Tek/123458
  And User enter email 'Jsmith15@gmail.com' and password 'Tek/123458'    # tek.capstone.framework.steps.SignInSteps.userEnterEmailAndPassword(java.lang.String,java.lang.String)
 INFO [main] (SignInSteps.java:46)- User clicked on login button
  And User click on login button                                         # tek.capstone.framework.steps.SignInSteps.userClickOnLoginButton()
  And User should be logged in into Account                              # tek.capstone.framework.steps.SignInSteps.UserShouldBeLoggedInIntoAccount()
 INFO [main] (RetailAccountSteps.java:23)- user clicked on Account option
  When User click on Account option                                      # tek.capstone.framework.steps.RetailAccountSteps.userClickOnAccountOption()
 INFO [main] (RetailAccountSteps.java:55)- User clicked on payment method link
  And User click on Add a payment method link                            # tek.capstone.framework.steps.RetailAccountSteps.userClickOnAddAPaymentMethodLink()
 INFO [main] (RetailAccountSteps.java:66)- User fill Debit or credit card information
  And User fill Debit or credit card information                         # tek.capstone.framework.steps.RetailAccountSteps.userFillDebitOrCreditCardInformation(io.cucumber.datatable.DataTable)
    | cardNumber       | nameOnCard | expirationMonth | expirationYear | securityCode |
    | 4000456743217880 | Alex       | 12              | 2026           | 125          |
 INFO [main] (RetailAccountSteps.java:72)- user click on Add your card button
  And User click on Add your card button                                 # tek.capstone.framework.steps.RetailAccountSteps.userClickOnAddYourCardButton()
  Then a message should be displayed 'Payment Method added successfully' # tek.capstone.framework.steps.RetailAccountSteps.aMessageShouldBeDisplayed(java.lang.String)
]]></system-out>
    <system-err><![CDATA[Starting Microsoft Edge WebDriver 111.0.1661.51 (5b30e0e79e572b7d6873934eb1b328c220c72c9b) on port 64552
To submit feedback, report a bug, or suggest new features, please visit https://github.com/MicrosoftEdge/EdgeWebDriver

Only local connections are allowed.
Please see https://aka.ms/WebDriverSecurity for suggestions on keeping Microsoft Edge WebDriver safe.

Microsoft Edge WebDriver was started successfully.
Mar 23, 2023 11:59:16 PM org.openqa.selenium.remote.ProtocolHandshake createSession
INFO: Detected upstream dialect: W3C
Mar 23, 2023 11:59:16 PM org.openqa.selenium.devtools.CdpVersionFinder findNearestMatch
WARNING: Unable to find an exact match for CDP version 111, so returning the closest version found: a no-op implementation
Mar 23, 2023 11:59:16 PM org.openqa.selenium.devtools.CdpVersionFinder findNearestMatch
INFO: Unable to find CDP implementation matching 111.
Mar 23, 2023 11:59:16 PM org.openqa.selenium.chromium.ChromiumDriver lambda$new$3
WARNING: Unable to find version of CDP to use for . You may need to include a dependency on a specific version of the CDP using something similar to `org.seleniumhq.selenium:selenium-devtools-v86:4.4.0` where the version ("v86") matches the version of the chromium-based browser you're using and the version number of the artifact is the same as Selenium's.
]]></system-err>
  </testcase>
  <testcase name="Verify User can edit Debit or Credit card" classname="Retail Account Page" time="10">
    <system-out><![CDATA[
@all @EditDebitCard
Scenario: Verify User can edit Debit or Credit card                        # features/RetailAccount.feature:29
{browser=edge, headless=true, url=https://tek-retail-ui.azurewebsites.net/}
 INFO [main] (SignInSteps.java:26)- user is on retail website
 INFO [main] (SignInSteps.java:27)- Actual Title React App Equals  ExpectedTitle React App
  Given User is on retail website                                          # tek.capstone.framework.steps.SignInSteps.userIsOnRetailWebsite()
 INFO [main] (SignInSteps.java:33)- User clicked on Sign in Option
  When User click on Sign in option                                        # tek.capstone.framework.steps.SignInSteps.userClickOnSignInOption()
 INFO [main] (SignInSteps.java:40)- User entered email Jsmith15@gmail.com and password Tek/123458
  And User enter email 'Jsmith15@gmail.com' and password 'Tek/123458'      # tek.capstone.framework.steps.SignInSteps.userEnterEmailAndPassword(java.lang.String,java.lang.String)
 INFO [main] (SignInSteps.java:46)- User clicked on login button
  And User click on login button                                           # tek.capstone.framework.steps.SignInSteps.userClickOnLoginButton()
  And User should be logged in into Account                                # tek.capstone.framework.steps.SignInSteps.UserShouldBeLoggedInIntoAccount()
 INFO [main] (RetailAccountSteps.java:23)- user clicked on Account option
  When User click on Account option                                        # tek.capstone.framework.steps.RetailAccountSteps.userClickOnAccountOption()
 INFO [main] (RetailAccountSteps.java:87)- user clicked on Edit option of card section
  And User click on Edit option of card section                            # tek.capstone.framework.steps.RetailAccountSteps.userClickOnEditOptionOfCardSection()
 INFO [main] (RetailAccountSteps.java:104)- user edit information with below data
  And user edit information with below data                                # tek.capstone.framework.steps.RetailAccountSteps.userEditInformationWithBelowData(io.cucumber.datatable.DataTable)
    | cardNumber       | nameOnCard | expirationMonth | expirationYear | securityCode |
    | 4000456743217000 | Alex       | 11              | 2026           | 135          |
 INFO [main] (RetailAccountSteps.java:112)- user click on Update Your Card button
  And user click on Update Your Card button                                # tek.capstone.framework.steps.RetailAccountSteps.userClickOnUpdateYourCardButton()
  Then a message should be displayed 'Payment Method updated Successfully' # tek.capstone.framework.steps.RetailAccountSteps.aMessageShouldBeDisplayed(java.lang.String)
]]></system-out>
    <system-err><![CDATA[Starting Microsoft Edge WebDriver 111.0.1661.51 (5b30e0e79e572b7d6873934eb1b328c220c72c9b) on port 57277
To submit feedback, report a bug, or suggest new features, please visit https://github.com/MicrosoftEdge/EdgeWebDriver

Only local connections are allowed.
Please see https://aka.ms/WebDriverSecurity for suggestions on keeping Microsoft Edge WebDriver safe.

Microsoft Edge WebDriver was started successfully.
Mar 23, 2023 11:59:19 PM org.openqa.selenium.remote.ProtocolHandshake createSession
INFO: Detected upstream dialect: W3C
Mar 23, 2023 11:59:19 PM org.openqa.selenium.devtools.CdpVersionFinder findNearestMatch
WARNING: Unable to find an exact match for CDP version 111, so returning the closest version found: a no-op implementation
Mar 23, 2023 11:59:19 PM org.openqa.selenium.devtools.CdpVersionFinder findNearestMatch
INFO: Unable to find CDP implementation matching 111.
Mar 23, 2023 11:59:19 PM org.openqa.selenium.chromium.ChromiumDriver lambda$new$3
WARNING: Unable to find version of CDP to use for . You may need to include a dependency on a specific version of the CDP using something similar to `org.seleniumhq.selenium:selenium-devtools-v86:4.4.0` where the version ("v86") matches the version of the chromium-based browser you're using and the version number of the artifact is the same as Selenium's.
]]></system-err>
  </testcase>
  <testcase name="Verify User can remove Debit or Credit card" classname="Retail Account Page" time="2.298">
    <system-out><![CDATA[
@all @RemoveDebitCard
Scenario: Verify User can remove Debit or Credit card                 # features/RetailAccount.feature:39
{browser=edge, headless=true, url=https://tek-retail-ui.azurewebsites.net/}
 INFO [main] (SignInSteps.java:26)- user is on retail website
 INFO [main] (SignInSteps.java:27)- Actual Title React App Equals  ExpectedTitle React App
  Given User is on retail website                                     # tek.capstone.framework.steps.SignInSteps.userIsOnRetailWebsite()
 INFO [main] (SignInSteps.java:33)- User clicked on Sign in Option
  When User click on Sign in option                                   # tek.capstone.framework.steps.SignInSteps.userClickOnSignInOption()
 INFO [main] (SignInSteps.java:40)- User entered email Jsmith15@gmail.com and password Tek/123458
  And User enter email 'Jsmith15@gmail.com' and password 'Tek/123458' # tek.capstone.framework.steps.SignInSteps.userEnterEmailAndPassword(java.lang.String,java.lang.String)
 INFO [main] (SignInSteps.java:46)- User clicked on login button
  And User click on login button                                      # tek.capstone.framework.steps.SignInSteps.userClickOnLoginButton()
  And User should be logged in into Account                           # tek.capstone.framework.steps.SignInSteps.UserShouldBeLoggedInIntoAccount()
 INFO [main] (RetailAccountSteps.java:23)- user clicked on Account option
  When User click on Account option                                   # tek.capstone.framework.steps.RetailAccountSteps.userClickOnAccountOption()
 INFO [main] (RetailAccountSteps.java:120)- User click on remove option of card section
  And User click on remove option of card section                     # tek.capstone.framework.steps.RetailAccountSteps.userClickOnRemoveOptionOfCardSection()
 INFO [main] (RetailAccountSteps.java:126)- payment details removed
  Then payment details should be removed                              # tek.capstone.framework.steps.RetailAccountSteps.paymentDetailsShouldBeRemoved()
]]></system-out>
    <system-err><![CDATA[Starting Microsoft Edge WebDriver 111.0.1661.51 (5b30e0e79e572b7d6873934eb1b328c220c72c9b) on port 49555
To submit feedback, report a bug, or suggest new features, please visit https://github.com/MicrosoftEdge/EdgeWebDriver

Only local connections are allowed.
Please see https://aka.ms/WebDriverSecurity for suggestions on keeping Microsoft Edge WebDriver safe.

Microsoft Edge WebDriver was started successfully.
Mar 23, 2023 11:59:29 PM org.openqa.selenium.remote.ProtocolHandshake createSession
INFO: Detected upstream dialect: W3C
Mar 23, 2023 11:59:29 PM org.openqa.selenium.devtools.CdpVersionFinder findNearestMatch
WARNING: Unable to find an exact match for CDP version 111, so returning the closest version found: a no-op implementation
Mar 23, 2023 11:59:29 PM org.openqa.selenium.devtools.CdpVersionFinder findNearestMatch
INFO: Unable to find CDP implementation matching 111.
Mar 23, 2023 11:59:29 PM org.openqa.selenium.chromium.ChromiumDriver lambda$new$3
WARNING: Unable to find version of CDP to use for . You may need to include a dependency on a specific version of the CDP using something similar to `org.seleniumhq.selenium:selenium-devtools-v86:4.4.0` where the version ("v86") matches the version of the chromium-based browser you're using and the version number of the artifact is the same as Selenium's.
]]></system-err>
  </testcase>
  <testcase name="Verify User can add an Address" classname="Retail Account Page" time="13.425">
    <system-out><![CDATA[
@all @addAddres
Scenario: Verify User can add an Address                              # features/RetailAccount.feature:45
{browser=edge, headless=true, url=https://tek-retail-ui.azurewebsites.net/}
 INFO [main] (SignInSteps.java:26)- user is on retail website
 INFO [main] (SignInSteps.java:27)- Actual Title React App Equals  ExpectedTitle React App
  Given User is on retail website                                     # tek.capstone.framework.steps.SignInSteps.userIsOnRetailWebsite()
 INFO [main] (SignInSteps.java:33)- User clicked on Sign in Option
  When User click on Sign in option                                   # tek.capstone.framework.steps.SignInSteps.userClickOnSignInOption()
 INFO [main] (SignInSteps.java:40)- User entered email Jsmith15@gmail.com and password Tek/123458
  And User enter email 'Jsmith15@gmail.com' and password 'Tek/123458' # tek.capstone.framework.steps.SignInSteps.userEnterEmailAndPassword(java.lang.String,java.lang.String)
 INFO [main] (SignInSteps.java:46)- User clicked on login button
  And User click on login button                                      # tek.capstone.framework.steps.SignInSteps.userClickOnLoginButton()
  And User should be logged in into Account                           # tek.capstone.framework.steps.SignInSteps.UserShouldBeLoggedInIntoAccount()
 INFO [main] (RetailAccountSteps.java:23)- user clicked on Account option
  When User click on Account option                                   # tek.capstone.framework.steps.RetailAccountSteps.userClickOnAccountOption()
 INFO [main] (RetailAccountSteps.java:134)- user clicked on Add address option
  And User click on Add address option                                # tek.capstone.framework.steps.RetailAccountSteps.userClickOnAddAddressOption()
 INFO [main] (RetailAccountSteps.java:156)- user filled the new addres form with information provided in data table 
  And user fill new address form with below information               # tek.capstone.framework.steps.RetailAccountSteps.userFillNewAddressFormWithBelowInformation(io.cucumber.datatable.DataTable)
    | country | fullName | phoneNumber | streetAddress | apt   | city  | state | zipCode |
    | value   | value    | value       | value         | value | value | value | value   |
 INFO [main] (RetailAccountSteps.java:164)- user clicked on Add your Address button
  And User click Add Your Address button                              # tek.capstone.framework.steps.RetailAccountSteps.userClickAddYourAddressButton()
  Then a message should be displayed 'Address Added Successfully'     # tek.capstone.framework.steps.RetailAccountSteps.aMessageShouldBeDisplayed(java.lang.String)
]]></system-out>
    <system-err><![CDATA[Starting Microsoft Edge WebDriver 111.0.1661.51 (5b30e0e79e572b7d6873934eb1b328c220c72c9b) on port 59677
To submit feedback, report a bug, or suggest new features, please visit https://github.com/MicrosoftEdge/EdgeWebDriver

Only local connections are allowed.
Please see https://aka.ms/WebDriverSecurity for suggestions on keeping Microsoft Edge WebDriver safe.

Microsoft Edge WebDriver was started successfully.
Mar 23, 2023 11:59:31 PM org.openqa.selenium.remote.ProtocolHandshake createSession
INFO: Detected upstream dialect: W3C
Mar 23, 2023 11:59:31 PM org.openqa.selenium.devtools.CdpVersionFinder findNearestMatch
WARNING: Unable to find an exact match for CDP version 111, so returning the closest version found: a no-op implementation
Mar 23, 2023 11:59:31 PM org.openqa.selenium.devtools.CdpVersionFinder findNearestMatch
INFO: Unable to find CDP implementation matching 111.
Mar 23, 2023 11:59:31 PM org.openqa.selenium.chromium.ChromiumDriver lambda$new$3
WARNING: Unable to find version of CDP to use for . You may need to include a dependency on a specific version of the CDP using something similar to `org.seleniumhq.selenium:selenium-devtools-v86:4.4.0` where the version ("v86") matches the version of the chromium-based browser you're using and the version number of the artifact is the same as Selenium's.
]]></system-err>
  </testcase>
  <testcase name="Verify User can edit an Address added on account" classname="Retail Account Page" time="9.185">
    <system-out><![CDATA[
@all @EditAddress
Scenario: Verify User can edit an Address added on account            # features/RetailAccount.feature:55
{browser=edge, headless=true, url=https://tek-retail-ui.azurewebsites.net/}
 INFO [main] (SignInSteps.java:26)- user is on retail website
 INFO [main] (SignInSteps.java:27)- Actual Title React App Equals  ExpectedTitle React App
  Given User is on retail website                                     # tek.capstone.framework.steps.SignInSteps.userIsOnRetailWebsite()
 INFO [main] (SignInSteps.java:33)- User clicked on Sign in Option
  When User click on Sign in option                                   # tek.capstone.framework.steps.SignInSteps.userClickOnSignInOption()
 INFO [main] (SignInSteps.java:40)- User entered email Jsmith15@gmail.com and password Tek/123458
  And User enter email 'Jsmith15@gmail.com' and password 'Tek/123458' # tek.capstone.framework.steps.SignInSteps.userEnterEmailAndPassword(java.lang.String,java.lang.String)
 INFO [main] (SignInSteps.java:46)- User clicked on login button
  And User click on login button                                      # tek.capstone.framework.steps.SignInSteps.userClickOnLoginButton()
  And User should be logged in into Account                           # tek.capstone.framework.steps.SignInSteps.UserShouldBeLoggedInIntoAccount()
 INFO [main] (RetailAccountSteps.java:23)- user clicked on Account option
  When User click on Account option                                   # tek.capstone.framework.steps.RetailAccountSteps.userClickOnAccountOption()
 INFO [main] (RetailAccountSteps.java:185)- User click on edit address option
  And User click on edit address option                               # tek.capstone.framework.steps.RetailAccountSteps.userClickOnEditAddressOption()
 INFO [main] (RetailAccountSteps.java:156)- user filled the new addres form with information provided in data table 
  And user fill new address form with below information               # tek.capstone.framework.steps.RetailAccountSteps.userFillNewAddressFormWithBelowInformation(io.cucumber.datatable.DataTable)
    | country | fullName | phoneNumber | streetAddress | apt   | city  | state | zipCode |
    | value   | value    | value       | value         | value | value | value | value   |
 INFO [main] (RetailAccountSteps.java:191)- User clicked update Your Address button
  And User click update Your Address button                           # tek.capstone.framework.steps.RetailAccountSteps.userClickUpdateYourAddressButton()
  Then a message should be displayed 'Address Updated Successfully'   # tek.capstone.framework.steps.RetailAccountSteps.aMessageShouldBeDisplayed(java.lang.String)
]]></system-out>
    <system-err><![CDATA[Starting Microsoft Edge WebDriver 111.0.1661.51 (5b30e0e79e572b7d6873934eb1b328c220c72c9b) on port 60928
To submit feedback, report a bug, or suggest new features, please visit https://github.com/MicrosoftEdge/EdgeWebDriver

Only local connections are allowed.
Please see https://aka.ms/WebDriverSecurity for suggestions on keeping Microsoft Edge WebDriver safe.

Microsoft Edge WebDriver was started successfully.
Mar 23, 2023 11:59:45 PM org.openqa.selenium.remote.ProtocolHandshake createSession
INFO: Detected upstream dialect: W3C
Mar 23, 2023 11:59:45 PM org.openqa.selenium.devtools.CdpVersionFinder findNearestMatch
WARNING: Unable to find an exact match for CDP version 111, so returning the closest version found: a no-op implementation
Mar 23, 2023 11:59:45 PM org.openqa.selenium.devtools.CdpVersionFinder findNearestMatch
INFO: Unable to find CDP implementation matching 111.
Mar 23, 2023 11:59:45 PM org.openqa.selenium.chromium.ChromiumDriver lambda$new$3
WARNING: Unable to find version of CDP to use for . You may need to include a dependency on a specific version of the CDP using something similar to `org.seleniumhq.selenium:selenium-devtools-v86:4.4.0` where the version ("v86") matches the version of the chromium-based browser you're using and the version number of the artifact is the same as Selenium's.
]]></system-err>
  </testcase>
  <testcase name="Verify User can remove Address from Account" classname="Retail Account Page" time="4.852">
    <system-out><![CDATA[
@all @RemoveAddress
Scenario: Verify User can remove Address from Account                 # features/RetailAccount.feature:65
{browser=edge, headless=true, url=https://tek-retail-ui.azurewebsites.net/}
 INFO [main] (SignInSteps.java:26)- user is on retail website
 INFO [main] (SignInSteps.java:27)- Actual Title React App Equals  ExpectedTitle React App
  Given User is on retail website                                     # tek.capstone.framework.steps.SignInSteps.userIsOnRetailWebsite()
 INFO [main] (SignInSteps.java:33)- User clicked on Sign in Option
  When User click on Sign in option                                   # tek.capstone.framework.steps.SignInSteps.userClickOnSignInOption()
 INFO [main] (SignInSteps.java:40)- User entered email Jsmith15@gmail.com and password Tek/123458
  And User enter email 'Jsmith15@gmail.com' and password 'Tek/123458' # tek.capstone.framework.steps.SignInSteps.userEnterEmailAndPassword(java.lang.String,java.lang.String)
 INFO [main] (SignInSteps.java:46)- User clicked on login button
  And User click on login button                                      # tek.capstone.framework.steps.SignInSteps.userClickOnLoginButton()
  And User should be logged in into Account                           # tek.capstone.framework.steps.SignInSteps.UserShouldBeLoggedInIntoAccount()
 INFO [main] (RetailAccountSteps.java:23)- user clicked on Account option
  When User click on Account option                                   # tek.capstone.framework.steps.RetailAccountSteps.userClickOnAccountOption()
  And User click on remove option of Address section                  # tek.capstone.framework.steps.RetailAccountSteps.userClickOnRemoveOptionOfAddressSection()
 INFO [main] (RetailAccountSteps.java:205)- Address details has been removed
  Then Address details should be removed                              # tek.capstone.framework.steps.RetailAccountSteps.addressDetailsShouldBeRemoved()
]]></system-out>
    <system-err><![CDATA[Starting Microsoft Edge WebDriver 111.0.1661.51 (5b30e0e79e572b7d6873934eb1b328c220c72c9b) on port 63491
To submit feedback, report a bug, or suggest new features, please visit https://github.com/MicrosoftEdge/EdgeWebDriver

Only local connections are allowed.
Please see https://aka.ms/WebDriverSecurity for suggestions on keeping Microsoft Edge WebDriver safe.

Microsoft Edge WebDriver was started successfully.
Mar 23, 2023 11:59:54 PM org.openqa.selenium.remote.ProtocolHandshake createSession
INFO: Detected upstream dialect: W3C
Mar 23, 2023 11:59:54 PM org.openqa.selenium.devtools.CdpVersionFinder findNearestMatch
WARNING: Unable to find an exact match for CDP version 111, so returning the closest version found: a no-op implementation
Mar 23, 2023 11:59:54 PM org.openqa.selenium.devtools.CdpVersionFinder findNearestMatch
INFO: Unable to find CDP implementation matching 111.
Mar 23, 2023 11:59:54 PM org.openqa.selenium.chromium.ChromiumDriver lambda$new$3
WARNING: Unable to find version of CDP to use for . You may need to include a dependency on a specific version of the CDP using something similar to `org.seleniumhq.selenium:selenium-devtools-v86:4.4.0` where the version ("v86") matches the version of the chromium-based browser you're using and the version number of the artifact is the same as Selenium's.
]]></system-err>
  </testcase>
  <testcase name="Verify User can Update password" classname="Retail Account Page" time="2.434">
    <system-out><![CDATA[
@all @Updatepassword
Scenario: Verify User can Update password                             # features/RetailAccount.feature:71
{browser=edge, headless=true, url=https://tek-retail-ui.azurewebsites.net/}
 INFO [main] (SignInSteps.java:26)- user is on retail website
 INFO [main] (SignInSteps.java:27)- Actual Title React App Equals  ExpectedTitle React App
  Given User is on retail website                                     # tek.capstone.framework.steps.SignInSteps.userIsOnRetailWebsite()
 INFO [main] (SignInSteps.java:33)- User clicked on Sign in Option
  When User click on Sign in option                                   # tek.capstone.framework.steps.SignInSteps.userClickOnSignInOption()
 INFO [main] (SignInSteps.java:40)- User entered email Jsmith15@gmail.com and password Tek/123458
  And User enter email 'Jsmith15@gmail.com' and password 'Tek/123458' # tek.capstone.framework.steps.SignInSteps.userEnterEmailAndPassword(java.lang.String,java.lang.String)
 INFO [main] (SignInSteps.java:46)- User clicked on login button
  And User click on login button                                      # tek.capstone.framework.steps.SignInSteps.userClickOnLoginButton()
  And User should be logged in into Account                           # tek.capstone.framework.steps.SignInSteps.UserShouldBeLoggedInIntoAccount()
 INFO [main] (RetailAccountSteps.java:23)- user clicked on Account option
  When User click on Account option                                   # tek.capstone.framework.steps.RetailAccountSteps.userClickOnAccountOption()
 INFO [main] (RetailAccountSteps.java:216)- user filled the new Password information form
  And User enter below information                                    # tek.capstone.framework.steps.RetailAccountSteps.userEnterBelowInformation(io.cucumber.datatable.DataTable)
    | previousPassword | newPassword   | confirmPassword |
    | 'Tek/123458'     | 'Tek/1234589' | 'Tek/1234589'   |
 INFO [main] (RetailAccountSteps.java:222)- user clicked on change password Button
  And User click on Change Password button                            # tek.capstone.framework.steps.RetailAccountSteps.userClickOnChangePasswordButton()
  Then a message should be displayed 'Password Updated Successfully'  # tek.capstone.framework.steps.RetailAccountSteps.aMessageShouldBeDisplayed(java.lang.String)
]]></system-out>
    <system-err><![CDATA[Starting Microsoft Edge WebDriver 111.0.1661.51 (5b30e0e79e572b7d6873934eb1b328c220c72c9b) on port 62122
To submit feedback, report a bug, or suggest new features, please visit https://github.com/MicrosoftEdge/EdgeWebDriver

Only local connections are allowed.
Please see https://aka.ms/WebDriverSecurity for suggestions on keeping Microsoft Edge WebDriver safe.

Microsoft Edge WebDriver was started successfully.
Mar 23, 2023 11:59:59 PM org.openqa.selenium.remote.ProtocolHandshake createSession
INFO: Detected upstream dialect: W3C
Mar 23, 2023 11:59:59 PM org.openqa.selenium.devtools.CdpVersionFinder findNearestMatch
WARNING: Unable to find an exact match for CDP version 111, so returning the closest version found: a no-op implementation
Mar 23, 2023 11:59:59 PM org.openqa.selenium.devtools.CdpVersionFinder findNearestMatch
INFO: Unable to find CDP implementation matching 111.
Mar 23, 2023 11:59:59 PM org.openqa.selenium.chromium.ChromiumDriver lambda$new$3
WARNING: Unable to find version of CDP to use for . You may need to include a dependency on a specific version of the CDP using something similar to `org.seleniumhq.selenium:selenium-devtools-v86:4.4.0` where the version ("v86") matches the version of the chromium-based browser you're using and the version number of the artifact is the same as Selenium's.
]]></system-err>
  </testcase>
  <testcase name="Verify User can cancel the order" classname="Retail Order Page" time="2.483">
    <system-out><![CDATA[
@all @cancelOrder
Scenario: Verify User can cancel the order                                       # features/RetailOrder.feature:5
{browser=edge, headless=true, url=https://tek-retail-ui.azurewebsites.net/}
 INFO [main] (SignInSteps.java:26)- user is on retail website
 INFO [main] (SignInSteps.java:27)- Actual Title React App Equals  ExpectedTitle React App
  Given User is on retail website                                                # tek.capstone.framework.steps.SignInSteps.userIsOnRetailWebsite()
 INFO [main] (SignInSteps.java:33)- User clicked on Sign in Option
  When User click on Sign in option                                              # tek.capstone.framework.steps.SignInSteps.userClickOnSignInOption()
 INFO [main] (SignInSteps.java:40)- User entered email Smitha75@gmail.com and password Tek/12345
  And User enter email 'Smitha75@gmail.com' and password 'Tek/12345'             # tek.capstone.framework.steps.SignInSteps.userEnterEmailAndPassword(java.lang.String,java.lang.String)
 INFO [main] (SignInSteps.java:46)- User clicked on login button
  And User click on login button                                                 # tek.capstone.framework.steps.SignInSteps.userClickOnLoginButton()
  And User should be logged in into Account                                      # tek.capstone.framework.steps.SignInSteps.UserShouldBeLoggedInIntoAccount()
 INFO [main] (RetailOrder.java:19)- User clicked on Order section
  And User click on Orders section                                               # tek.capstone.framework.steps.RetailOrder.userClickOnOrdersSection()
 INFO [main] (RetailOrder.java:25)- User clicked on first order in list
  And User click on first order in list                                          # tek.capstone.framework.steps.RetailOrder.userClickOnFirstOrderInList()
 INFO [main] (RetailOrder.java:31)- User clicked on Cancel The Order button
  And User click on Cancel The Order button                                      # tek.capstone.framework.steps.RetailOrder.userClickOnCancelTheOrderButton()
 INFO [main] (RetailOrder.java:37)- User selected the cancelation Reason
  And User select the cancelation Reason 'Bought wrong item'                     # tek.capstone.framework.steps.RetailOrder.userSelectTheCancelationReason(java.lang.String)
  And User click on Cancel Order button                                          # tek.capstone.framework.steps.RetailOrder.userClickOnCancelOrderButton()
 INFO [main] (RetailOrder.java:50)- Cancelation message displayed
  Then a cancelation message should be displayed 'Your Order Has Been Cancelled' # tek.capstone.framework.steps.RetailOrder.aCancelationMessageShouldBeDisplayedYourOrderHasBeenCancelled(java.lang.String)
]]></system-out>
    <system-err><![CDATA[Starting Microsoft Edge WebDriver 111.0.1661.51 (5b30e0e79e572b7d6873934eb1b328c220c72c9b) on port 64335
To submit feedback, report a bug, or suggest new features, please visit https://github.com/MicrosoftEdge/EdgeWebDriver

Only local connections are allowed.
Please see https://aka.ms/WebDriverSecurity for suggestions on keeping Microsoft Edge WebDriver safe.

Microsoft Edge WebDriver was started successfully.
Mar 24, 2023 12:00:01 AM org.openqa.selenium.remote.ProtocolHandshake createSession
INFO: Detected upstream dialect: W3C
Mar 24, 2023 12:00:01 AM org.openqa.selenium.devtools.CdpVersionFinder findNearestMatch
WARNING: Unable to find an exact match for CDP version 111, so returning the closest version found: a no-op implementation
Mar 24, 2023 12:00:01 AM org.openqa.selenium.devtools.CdpVersionFinder findNearestMatch
INFO: Unable to find CDP implementation matching 111.
Mar 24, 2023 12:00:01 AM org.openqa.selenium.chromium.ChromiumDriver lambda$new$3
WARNING: Unable to find version of CDP to use for . You may need to include a dependency on a specific version of the CDP using something similar to `org.seleniumhq.selenium:selenium-devtools-v86:4.4.0` where the version ("v86") matches the version of the chromium-based browser you're using and the version number of the artifact is the same as Selenium's.
]]></system-err>
  </testcase>
  <testcase name="Verify User can Return the order" classname="Retail Order Page" time="2.983">
    <system-out><![CDATA[
@all @ReturnOrder
Scenario: Verify User can Return the order                               # features/RetailOrder.feature:19
{browser=edge, headless=true, url=https://tek-retail-ui.azurewebsites.net/}
 INFO [main] (SignInSteps.java:26)- user is on retail website
 INFO [main] (SignInSteps.java:27)- Actual Title React App Equals  ExpectedTitle React App
  Given User is on retail website                                        # tek.capstone.framework.steps.SignInSteps.userIsOnRetailWebsite()
 INFO [main] (SignInSteps.java:33)- User clicked on Sign in Option
  When User click on Sign in option                                      # tek.capstone.framework.steps.SignInSteps.userClickOnSignInOption()
 INFO [main] (SignInSteps.java:40)- User entered email Smitha75@gmail.com and password Tek/12345
  And User enter email 'Smitha75@gmail.com' and password 'Tek/12345'     # tek.capstone.framework.steps.SignInSteps.userEnterEmailAndPassword(java.lang.String,java.lang.String)
 INFO [main] (SignInSteps.java:46)- User clicked on login button
  And User click on login button                                         # tek.capstone.framework.steps.SignInSteps.userClickOnLoginButton()
  And User should be logged in into Account                              # tek.capstone.framework.steps.SignInSteps.UserShouldBeLoggedInIntoAccount()
 INFO [main] (RetailOrder.java:19)- User clicked on Order section
  And User click on Orders section                                       # tek.capstone.framework.steps.RetailOrder.userClickOnOrdersSection()
 INFO [main] (RetailOrder.java:25)- User clicked on first order in list
  And User click on first order in list                                  # tek.capstone.framework.steps.RetailOrder.userClickOnFirstOrderInList()
 INFO [main] (RetailOrder.java:65)- User clicked on Return Items button
  And User click on Return Items button                                  # tek.capstone.framework.steps.RetailOrder.userClickOnReturnItemsButton()
 INFO [main] (RetailOrder.java:71)- User selected the Return Reason
  And User select the Return Reason 'Item damaged'                       # tek.capstone.framework.steps.RetailOrder.userSelectTheReturnReason(java.lang.String)
 INFO [main] (RetailOrder.java:77)- User selected the drop off service
  And User select the drop off service 'FedEx'                           # tek.capstone.framework.steps.RetailOrder.userSelectTheDropOffService(java.lang.String)
  And User click on Return Order button                                  # tek.capstone.framework.steps.RetailOrder.userClickOnReturnOrderButton()
 INFO [main] (RetailOrder.java:56)- Cancelation message displayed
  Then a cancelation message should be displayed 'Return was successful' # tek.capstone.framework.steps.RetailOrder.aCancelationMessageShouldBeDisplayedYourOrderHasBeenCancelled(java.lang.String)
]]></system-out>
    <system-err><![CDATA[Starting Microsoft Edge WebDriver 111.0.1661.51 (5b30e0e79e572b7d6873934eb1b328c220c72c9b) on port 56115
To submit feedback, report a bug, or suggest new features, please visit https://github.com/MicrosoftEdge/EdgeWebDriver

Only local connections are allowed.
Please see https://aka.ms/WebDriverSecurity for suggestions on keeping Microsoft Edge WebDriver safe.

Microsoft Edge WebDriver was started successfully.
Mar 24, 2023 12:00:04 AM org.openqa.selenium.remote.ProtocolHandshake createSession
INFO: Detected upstream dialect: W3C
Mar 24, 2023 12:00:04 AM org.openqa.selenium.devtools.CdpVersionFinder findNearestMatch
WARNING: Unable to find an exact match for CDP version 111, so returning the closest version found: a no-op implementation
Mar 24, 2023 12:00:04 AM org.openqa.selenium.devtools.CdpVersionFinder findNearestMatch
INFO: Unable to find CDP implementation matching 111.
Mar 24, 2023 12:00:04 AM org.openqa.selenium.chromium.ChromiumDriver lambda$new$3
WARNING: Unable to find version of CDP to use for . You may need to include a dependency on a specific version of the CDP using something similar to `org.seleniumhq.selenium:selenium-devtools-v86:4.4.0` where the version ("v86") matches the version of the chromium-based browser you're using and the version number of the artifact is the same as Selenium's.
]]></system-err>
  </testcase>
  <testcase name="Verify User can write a review on order placed" classname="Retail Order Page" time="8.683">
    <system-out><![CDATA[
@all @ReviewOrder
Scenario: Verify User can write a review on order placed                         # features/RetailOrder.feature:34
{browser=edge, headless=true, url=https://tek-retail-ui.azurewebsites.net/}
 INFO [main] (SignInSteps.java:26)- user is on retail website
 INFO [main] (SignInSteps.java:27)- Actual Title React App Equals  ExpectedTitle React App
  Given User is on retail website                                                # tek.capstone.framework.steps.SignInSteps.userIsOnRetailWebsite()
 INFO [main] (SignInSteps.java:33)- User clicked on Sign in Option
  When User click on Sign in option                                              # tek.capstone.framework.steps.SignInSteps.userClickOnSignInOption()
 INFO [main] (SignInSteps.java:40)- User entered email Smitha75@gmail.com and password Tek/12345
  And User enter email 'Smitha75@gmail.com' and password 'Tek/12345'             # tek.capstone.framework.steps.SignInSteps.userEnterEmailAndPassword(java.lang.String,java.lang.String)
 INFO [main] (SignInSteps.java:46)- User clicked on login button
  And User click on login button                                                 # tek.capstone.framework.steps.SignInSteps.userClickOnLoginButton()
  And User should be logged in into Account                                      # tek.capstone.framework.steps.SignInSteps.UserShouldBeLoggedInIntoAccount()
 INFO [main] (RetailOrder.java:19)- User clicked on Order section
  And User click on Orders section                                               # tek.capstone.framework.steps.RetailOrder.userClickOnOrdersSection()
 INFO [main] (RetailOrder.java:25)- User clicked on first order in list
  And User click on first order in list                                          # tek.capstone.framework.steps.RetailOrder.userClickOnFirstOrderInList()
 INFO [main] (RetailOrder.java:90)- User clicked on Review button
  And User click on Review button                                                # tek.capstone.framework.steps.RetailOrder.userClickOnReviewButton()
 INFO [main] (RetailOrder.java:98)- User write Review headline and Description
  And User write Review headline 'Excellent product' and 'Good Quality'          # tek.capstone.framework.steps.RetailOrder.userWriteReviewHeadlineAnd(java.lang.String,java.lang.String)
 INFO [main] (RetailOrder.java:105)- User clicked Add your Review button
  And User click Add your Review button                                          # tek.capstone.framework.steps.RetailOrder.userClickAddYourReviewButton()
 INFO [main] (RetailOrder.java:111)- Review message should be displayed
  Then a review message should be displayed 'Your review was added successfully' # tek.capstone.framework.steps.RetailOrder.aReviewMessageShouldBeDisplayed(java.lang.String)
]]></system-out>
    <system-err><![CDATA[Starting Microsoft Edge WebDriver 111.0.1661.51 (5b30e0e79e572b7d6873934eb1b328c220c72c9b) on port 64280
To submit feedback, report a bug, or suggest new features, please visit https://github.com/MicrosoftEdge/EdgeWebDriver

Only local connections are allowed.
Please see https://aka.ms/WebDriverSecurity for suggestions on keeping Microsoft Edge WebDriver safe.

Microsoft Edge WebDriver was started successfully.
Mar 24, 2023 12:00:07 AM org.openqa.selenium.remote.ProtocolHandshake createSession
INFO: Detected upstream dialect: W3C
Mar 24, 2023 12:00:07 AM org.openqa.selenium.devtools.CdpVersionFinder findNearestMatch
WARNING: Unable to find an exact match for CDP version 111, so returning the closest version found: a no-op implementation
Mar 24, 2023 12:00:07 AM org.openqa.selenium.devtools.CdpVersionFinder findNearestMatch
INFO: Unable to find CDP implementation matching 111.
Mar 24, 2023 12:00:07 AM org.openqa.selenium.chromium.ChromiumDriver lambda$new$3
WARNING: Unable to find version of CDP to use for . You may need to include a dependency on a specific version of the CDP using something similar to `org.seleniumhq.selenium:selenium-devtools-v86:4.4.0` where the version ("v86") matches the version of the chromium-based browser you're using and the version number of the artifact is the same as Selenium's.
]]></system-err>
  </testcase>
  <testcase name="Verify user can sign in into Retail Application" classname="Sign In Feature" time="2.413">
    <system-out><![CDATA[
@all
Scenario: Verify user can sign in into Retail Application            # features/SignIn.feature:4
{browser=edge, headless=true, url=https://tek-retail-ui.azurewebsites.net/}
 INFO [main] (SignInSteps.java:26)- user is on retail website
 INFO [main] (SignInSteps.java:27)- Actual Title React App Equals  ExpectedTitle React App
  Given User is on retail website                                    # tek.capstone.framework.steps.SignInSteps.userIsOnRetailWebsite()
 INFO [main] (SignInSteps.java:33)- User clicked on Sign in Option
  When User click on Sign in option                                  # tek.capstone.framework.steps.SignInSteps.userClickOnSignInOption()
 INFO [main] (SignInSteps.java:40)- User entered email Smitha65@gmail.com and password Tek/12345
  And User enter email 'Smitha65@gmail.com' and password 'Tek/12345' # tek.capstone.framework.steps.SignInSteps.userEnterEmailAndPassword(java.lang.String,java.lang.String)
 INFO [main] (SignInSteps.java:46)- User clicked on login button
  And User click on login button                                     # tek.capstone.framework.steps.SignInSteps.userClickOnLoginButton()
  Then User should be logged in into Account                         # tek.capstone.framework.steps.SignInSteps.UserShouldBeLoggedInIntoAccount()
]]></system-out>
    <system-err><![CDATA[Starting Microsoft Edge WebDriver 111.0.1661.51 (5b30e0e79e572b7d6873934eb1b328c220c72c9b) on port 56797
To submit feedback, report a bug, or suggest new features, please visit https://github.com/MicrosoftEdge/EdgeWebDriver

Only local connections are allowed.
Please see https://aka.ms/WebDriverSecurity for suggestions on keeping Microsoft Edge WebDriver safe.

Microsoft Edge WebDriver was started successfully.
Mar 24, 2023 12:00:15 AM org.openqa.selenium.remote.ProtocolHandshake createSession
INFO: Detected upstream dialect: W3C
Mar 24, 2023 12:00:15 AM org.openqa.selenium.devtools.CdpVersionFinder findNearestMatch
WARNING: Unable to find an exact match for CDP version 111, so returning the closest version found: a no-op implementation
Mar 24, 2023 12:00:15 AM org.openqa.selenium.devtools.CdpVersionFinder findNearestMatch
INFO: Unable to find CDP implementation matching 111.
Mar 24, 2023 12:00:15 AM org.openqa.selenium.chromium.ChromiumDriver lambda$new$3
WARNING: Unable to find version of CDP to use for . You may need to include a dependency on a specific version of the CDP using something similar to `org.seleniumhq.selenium:selenium-devtools-v86:4.4.0` where the version ("v86") matches the version of the chromium-based browser you're using and the version number of the artifact is the same as Selenium's.
]]></system-err>
  </testcase>
  <testcase name="Verify user can create an account into Retail Website" classname="Sign In Feature" time="5.11">
    <system-out><![CDATA[
@all
Scenario: Verify user can create an account into Retail Website # features/SignIn.feature:12
{browser=edge, headless=true, url=https://tek-retail-ui.azurewebsites.net/}
 INFO [main] (SignInSteps.java:26)- user is on retail website
 INFO [main] (SignInSteps.java:27)- Actual Title React App Equals  ExpectedTitle React App
  Given User is on retail website                               # tek.capstone.framework.steps.SignInSteps.userIsOnRetailWebsite()
 INFO [main] (SignInSteps.java:33)- User clicked on Sign in Option
  When User click on Sign in option                             # tek.capstone.framework.steps.SignInSteps.userClickOnSignInOption()
 INFO [main] (SignInSteps.java:58)- user clicked on Create New Account Button
  And User click on Create New Account button                   # tek.capstone.framework.steps.SignInSteps.userClickOnCreateNewAccountButton()
 INFO [main] (SignInSteps.java:70)- user filled the SignUp information form
  And User fill the signUp information with below data          # tek.capstone.framework.steps.SignInSteps.userFillTheSignUpInformationWithBelowData(io.cucumber.datatable.DataTable)
    | name     | email | password  | confirmPassword |
    | fullName | email | Tek/12345 | Tek/12345       |
 INFO [main] (SignInSteps.java:77)- user clicked on SignUpForm button
  And User click on SignUp button                               # tek.capstone.framework.steps.SignInSteps.userClickOnSignUpButton()
 INFO [main] (SignInSteps.java:85)- user is login into account page
  Then User should be logged into account page                  # tek.capstone.framework.steps.SignInSteps.userShouldBeLoggedIntoAccountPage()
]]></system-out>
    <system-err><![CDATA[Starting Microsoft Edge WebDriver 111.0.1661.51 (5b30e0e79e572b7d6873934eb1b328c220c72c9b) on port 57262
To submit feedback, report a bug, or suggest new features, please visit https://github.com/MicrosoftEdge/EdgeWebDriver

Only local connections are allowed.
Please see https://aka.ms/WebDriverSecurity for suggestions on keeping Microsoft Edge WebDriver safe.

Microsoft Edge WebDriver was started successfully.
Mar 24, 2023 12:00:18 AM org.openqa.selenium.remote.ProtocolHandshake createSession
INFO: Detected upstream dialect: W3C
Mar 24, 2023 12:00:18 AM org.openqa.selenium.devtools.CdpVersionFinder findNearestMatch
WARNING: Unable to find an exact match for CDP version 111, so returning the closest version found: a no-op implementation
Mar 24, 2023 12:00:18 AM org.openqa.selenium.devtools.CdpVersionFinder findNearestMatch
INFO: Unable to find CDP implementation matching 111.
Mar 24, 2023 12:00:18 AM org.openqa.selenium.chromium.ChromiumDriver lambda$new$3
WARNING: Unable to find version of CDP to use for . You may need to include a dependency on a specific version of the CDP using something similar to `org.seleniumhq.selenium:selenium-devtools-v86:4.4.0` where the version ("v86") matches the version of the chromium-based browser you're using and the version number of the artifact is the same as Selenium's.
]]></system-err>
  </testcase>
</testsuite>